<?xml version="1.0" encoding="UTF-8"?>
<!-- Generated by org.testng.reporters.JUnitReportReporter -->
<testsuite hostname="DESKTOP-3EM8HAK" name="com.netBanking.testCases.TC_AddCustomer_002" tests="1" failures="0" timestamp="27 Jul 2021 15:52:33 GMT" time="13.275" errors="0">
  <testcase name="addNewCustomer" time="13.275" classname="com.netBanking.testCases.TC_AddCustomer_002"/>
</testsuite> <!-- com.netBanking.testCases.TC_AddCustomer_002 -->
