<?xml version="1.0" encoding="UTF-8"?>
<!-- Generated by org.testng.reporters.JUnitReportReporter -->
<testsuite hostname="DESKTOP-3EM8HAK" name="com.netBanking.testCases.TC_DeleteCustomer_003" tests="1" failures="0" timestamp="27 Jul 2021 16:13:13 GMT" time="15.845" errors="0">
  <testcase name="DeleteCustomer" time="15.845" classname="com.netBanking.testCases.TC_DeleteCustomer_003"/>
</testsuite> <!-- com.netBanking.testCases.TC_DeleteCustomer_003 -->
