<?xml version="1.0" encoding="UTF-8"?>
<!-- Generated by org.testng.reporters.JUnitReportReporter -->
<testsuite hostname="DESKTOP-3EM8HAK" name="com.netBanking.testCases.TC_LoginTest_001" tests="1" failures="0" timestamp="27 Jul 2021 15:52:33 GMT" time="0.841" errors="0">
  <testcase name="loginTest" time="0.841" classname="com.netBanking.testCases.TC_LoginTest_001"/>
</testsuite> <!-- com.netBanking.testCases.TC_LoginTest_001 -->
